<?xml version="1.0" encoding="UTF-8"?>
<testng-results ignored="0" total="3" passed="3" failed="0" skipped="0">
  <reporter-output>
  </reporter-output>
  <suite started-at="2023-06-12T14:50:30 IST" name="Default suite" finished-at="2023-06-12T14:50:32 IST" duration-ms="2736">
    <groups>
    </groups>
    <test started-at="2023-06-12T14:50:30 IST" name="Default test" finished-at="2023-06-12T14:50:32 IST" duration-ms="2736">
      <class name="tests.PutPatchDelete">
        <test-method signature="testDelete()[pri:0, instance:tests.PutPatchDelete@48f278eb]" started-at="2023-06-12T14:50:30 IST" name="testDelete" finished-at="2023-06-12T14:50:32 IST" duration-ms="1932" status="PASS">
          <reporter-output>
          </reporter-output>
        </test-method> <!-- testDelete -->
        <test-method signature="testPatch()[pri:0, instance:tests.PutPatchDelete@48f278eb]" started-at="2023-06-12T14:50:32 IST" name="testPatch" finished-at="2023-06-12T14:50:32 IST" duration-ms="398" status="PASS">
          <reporter-output>
          </reporter-output>
        </test-method> <!-- testPatch -->
        <test-method signature="testPost()[pri:0, instance:tests.PutPatchDelete@48f278eb]" started-at="2023-06-12T14:50:32 IST" name="testPost" finished-at="2023-06-12T14:50:32 IST" duration-ms="357" status="PASS">
          <reporter-output>
          </reporter-output>
        </test-method> <!-- testPost -->
      </class> <!-- tests.PutPatchDelete -->
    </test> <!-- Default test -->
  </suite> <!-- Default suite -->
</testng-results>
