<?xml version="1.0" encoding="UTF-8"?>
<!-- Generated by org.testng.reporters.JUnitXMLReporter -->
<testsuite ignored="0" hostname="LAPTOP-I8H07HHI" failures="0" tests="3" name="Default test" time="2.736" errors="0" timestamp="2023-06-12T14:50:32 IST">
  <testcase classname="tests.PutPatchDelete" name="testDelete" time="1.932"/>
  <testcase classname="tests.PutPatchDelete" name="testPatch" time="0.398"/>
  <testcase classname="tests.PutPatchDelete" name="testPost" time="0.357"/>
</testsuite> <!-- Default test -->
